-------------------------------------------------------------------------------
Test set: com.snhu.sslserver.SslServerApplicationTests
-------------------------------------------------------------------------------
Tests run: 1, Failures: 0, Errors: 1, Skipped: 0, Time elapsed: 0.163 s <<< FAILURE! - in com.snhu.sslserver.SslServerApplicationTests
com.snhu.sslserver.SslServerApplicationTests  Time elapsed: 0.163 s  <<< ERROR!
java.lang.IllegalStateException: Unable to find a @SpringBootConfiguration, you need to use @ContextConfiguration or @SpringBootTest(classes=...) with your test

